0 info it worked if it ends with ok
1 verbose cli [ '/usr/local/bin/node',
1 verbose cli   '/usr/local/bin/npm',
1 verbose cli   '--registry',
1 verbose cli   'http://registry.npmjs.eu/',
1 verbose cli   'install',
1 verbose cli   'sleep' ]
2 info using npm@1.4.6
3 info using node@v0.11.13-pre
4 verbose cache add [ 'sleep', null ]
5 verbose cache add name=undefined spec="sleep" args=["sleep",null]
6 verbose parsed url { protocol: null,
6 verbose parsed url   slashes: null,
6 verbose parsed url   auth: null,
6 verbose parsed url   host: null,
6 verbose parsed url   port: null,
6 verbose parsed url   hostname: null,
6 verbose parsed url   hash: null,
6 verbose parsed url   search: null,
6 verbose parsed url   query: null,
6 verbose parsed url   pathname: 'sleep',
6 verbose parsed url   path: 'sleep',
6 verbose parsed url   href: 'sleep' }
7 silly lockFile c3ca5f78-sleep sleep
8 verbose lock sleep /home/huang/.npm/c3ca5f78-sleep.lock
9 silly lockFile c3ca5f78-sleep sleep
10 silly lockFile c3ca5f78-sleep sleep
11 verbose addNamed [ 'sleep', '' ]
12 verbose addNamed [ null, '*' ]
13 silly lockFile e2b4ed60-sleep sleep@
14 verbose lock sleep@ /home/huang/.npm/e2b4ed60-sleep.lock
15 silly addNameRange { name: 'sleep', range: '*', hasData: false }
16 verbose url raw sleep
17 verbose url resolving [ 'http://registry.npmjs.eu/', './sleep' ]
18 verbose url resolved http://registry.npmjs.eu/sleep
19 info trying registry request attempt 1 at 16:28:04
20 http GET http://registry.npmjs.eu/sleep
21 http 200 http://registry.npmjs.eu/sleep
22 silly registry.get cb [ 200,
22 silly registry.get   { vary: 'Accept',
22 silly registry.get     server: 'CouchDB/1.5.0 (Erlang OTP/R16B01)',
22 silly registry.get     etag: '"2C7D8CN4RENQ3D7QV64LJ8I3F"',
22 silly registry.get     date: 'Tue, 15 Apr 2014 14:26:49 GMT',
22 silly registry.get     'content-type': 'application/json',
22 silly registry.get     'content-length': '10437',
22 silly registry.get     'x-cache': 'MISS from Proxy-xxx',
22 silly registry.get     'x-cache-lookup': 'MISS from Proxy-xxx:8080',
22 silly registry.get     connection: 'close' } ]
23 silly addNameRange number 2 { name: 'sleep', range: '*', hasData: true }
24 silly addNameRange versions [ 'sleep',
24 silly addNameRange   [ '1.0.0', '1.0.1', '1.0.2', '1.1.0', '1.1.1', '1.1.2', '1.1.3' ] ]
25 verbose addNamed [ 'sleep', '1.1.3' ]
26 verbose addNamed [ '1.1.3', '1.1.3' ]
27 silly lockFile b5524579-sleep-1-1-3 sleep@1.1.3
28 verbose lock sleep@1.1.3 /home/huang/.npm/b5524579-sleep-1-1-3.lock
29 silly lockFile 17281745-y-npmjs-eu-sleep-sleep-1-1-3-tgz http://registry.npmjs.eu/sleep/-/sleep-1.1.3.tgz
30 verbose lock http://registry.npmjs.eu/sleep/-/sleep-1.1.3.tgz /home/huang/.npm/17281745-y-npmjs-eu-sleep-sleep-1-1-3-tgz.lock
31 verbose addRemoteTarball [ 'http://registry.npmjs.eu/sleep/-/sleep-1.1.3.tgz',
31 verbose addRemoteTarball   '705f3476f97e6752bb4bb5195519094dfd9dc505' ]
32 info retry fetch attempt 1 at 16:28:05
33 verbose fetch to= /tmp/npm-10391-6ZQ2Ow2l/1397572085122-0.6005311727058142/tmp.tgz
34 http GET http://registry.npmjs.eu/sleep/-/sleep-1.1.3.tgz
35 http 200 http://registry.npmjs.eu/sleep/-/sleep-1.1.3.tgz
36 verbose tar unpack /tmp/npm-10391-6ZQ2Ow2l/1397572085122-0.6005311727058142/tmp.tgz
37 silly lockFile 1cce30fb-85122-0-6005311727058142-package tar:///tmp/npm-10391-6ZQ2Ow2l/1397572085122-0.6005311727058142/package
38 verbose lock tar:///tmp/npm-10391-6ZQ2Ow2l/1397572085122-0.6005311727058142/package /home/huang/.npm/1cce30fb-85122-0-6005311727058142-package.lock
39 silly lockFile 98e8962c-85122-0-6005311727058142-tmp-tgz tar:///tmp/npm-10391-6ZQ2Ow2l/1397572085122-0.6005311727058142/tmp.tgz
40 verbose lock tar:///tmp/npm-10391-6ZQ2Ow2l/1397572085122-0.6005311727058142/tmp.tgz /home/huang/.npm/98e8962c-85122-0-6005311727058142-tmp-tgz.lock
41 silly gunzTarPerm modes [ '755', '644' ]
42 silly gunzTarPerm extractEntry package.json
43 silly gunzTarPerm extractEntry .npmignore
44 silly gunzTarPerm extractEntry README.md
45 silly gunzTarPerm extractEntry test.js
46 silly gunzTarPerm extractEntry build.js
47 silly gunzTarPerm extractEntry .jshintrc
48 silly gunzTarPerm extractEntry .jshintignore
49 silly gunzTarPerm extractEntry lib/binary_name.js
50 silly gunzTarPerm extractEntry lib/index.js
51 silly gunzTarPerm extractEntry binding.gyp
52 silly gunzTarPerm extractEntry sleep.cc
53 silly gunzTarPerm extractEntry build-util/tools.js
54 silly lockFile 1cce30fb-85122-0-6005311727058142-package tar:///tmp/npm-10391-6ZQ2Ow2l/1397572085122-0.6005311727058142/package
55 silly lockFile 1cce30fb-85122-0-6005311727058142-package tar:///tmp/npm-10391-6ZQ2Ow2l/1397572085122-0.6005311727058142/package
56 silly lockFile 98e8962c-85122-0-6005311727058142-tmp-tgz tar:///tmp/npm-10391-6ZQ2Ow2l/1397572085122-0.6005311727058142/tmp.tgz
57 silly lockFile 98e8962c-85122-0-6005311727058142-tmp-tgz tar:///tmp/npm-10391-6ZQ2Ow2l/1397572085122-0.6005311727058142/tmp.tgz
58 verbose tar pack [ '/home/huang/.npm/sleep/1.1.3/package.tgz',
58 verbose tar pack   '/tmp/npm-10391-6ZQ2Ow2l/1397572085122-0.6005311727058142/package' ]
59 verbose tarball /home/huang/.npm/sleep/1.1.3/package.tgz
60 verbose folder /tmp/npm-10391-6ZQ2Ow2l/1397572085122-0.6005311727058142/package
61 silly lockFile 1cce30fb-85122-0-6005311727058142-package tar:///tmp/npm-10391-6ZQ2Ow2l/1397572085122-0.6005311727058142/package
62 verbose lock tar:///tmp/npm-10391-6ZQ2Ow2l/1397572085122-0.6005311727058142/package /home/huang/.npm/1cce30fb-85122-0-6005311727058142-package.lock
63 silly lockFile 6980ab3d-uang-npm-sleep-1-1-3-package-tgz tar:///home/huang/.npm/sleep/1.1.3/package.tgz
64 verbose lock tar:///home/huang/.npm/sleep/1.1.3/package.tgz /home/huang/.npm/6980ab3d-uang-npm-sleep-1-1-3-package-tgz.lock
65 silly lockFile 1cce30fb-85122-0-6005311727058142-package tar:///tmp/npm-10391-6ZQ2Ow2l/1397572085122-0.6005311727058142/package
66 silly lockFile 1cce30fb-85122-0-6005311727058142-package tar:///tmp/npm-10391-6ZQ2Ow2l/1397572085122-0.6005311727058142/package
67 silly lockFile 6980ab3d-uang-npm-sleep-1-1-3-package-tgz tar:///home/huang/.npm/sleep/1.1.3/package.tgz
68 silly lockFile 6980ab3d-uang-npm-sleep-1-1-3-package-tgz tar:///home/huang/.npm/sleep/1.1.3/package.tgz
69 silly lockFile 13988c47-me-huang-npm-sleep-1-1-3-package /home/huang/.npm/sleep/1.1.3/package
70 verbose lock /home/huang/.npm/sleep/1.1.3/package /home/huang/.npm/13988c47-me-huang-npm-sleep-1-1-3-package.lock
71 silly lockFile 13988c47-me-huang-npm-sleep-1-1-3-package /home/huang/.npm/sleep/1.1.3/package
72 silly lockFile 13988c47-me-huang-npm-sleep-1-1-3-package /home/huang/.npm/sleep/1.1.3/package
73 verbose tar unpack /home/huang/.npm/sleep/1.1.3/package.tgz
74 silly lockFile 95886c73-me-huang-npm-sleep-1-1-3-package tar:///home/huang/.npm/sleep/1.1.3/package
75 verbose lock tar:///home/huang/.npm/sleep/1.1.3/package /home/huang/.npm/95886c73-me-huang-npm-sleep-1-1-3-package.lock
76 silly lockFile 6980ab3d-uang-npm-sleep-1-1-3-package-tgz tar:///home/huang/.npm/sleep/1.1.3/package.tgz
77 verbose lock tar:///home/huang/.npm/sleep/1.1.3/package.tgz /home/huang/.npm/6980ab3d-uang-npm-sleep-1-1-3-package-tgz.lock
78 silly gunzTarPerm modes [ '755', '644' ]
79 silly gunzTarPerm extractEntry package.json
80 silly gunzTarPerm extractEntry .npmignore
81 silly gunzTarPerm extractEntry README.md
82 silly gunzTarPerm extractEntry test.js
83 silly gunzTarPerm extractEntry build.js
84 silly gunzTarPerm extractEntry .jshintrc
85 silly gunzTarPerm extractEntry .jshintignore
86 silly gunzTarPerm extractEntry lib/binary_name.js
87 silly gunzTarPerm extractEntry lib/index.js
88 silly gunzTarPerm extractEntry binding.gyp
89 silly gunzTarPerm extractEntry sleep.cc
90 silly gunzTarPerm extractEntry build-util/tools.js
91 silly lockFile 95886c73-me-huang-npm-sleep-1-1-3-package tar:///home/huang/.npm/sleep/1.1.3/package
92 silly lockFile 95886c73-me-huang-npm-sleep-1-1-3-package tar:///home/huang/.npm/sleep/1.1.3/package
93 silly lockFile 6980ab3d-uang-npm-sleep-1-1-3-package-tgz tar:///home/huang/.npm/sleep/1.1.3/package.tgz
94 silly lockFile 6980ab3d-uang-npm-sleep-1-1-3-package-tgz tar:///home/huang/.npm/sleep/1.1.3/package.tgz
95 verbose chmod /home/huang/.npm/sleep/1.1.3/package.tgz 644
96 verbose chown /home/huang/.npm/sleep/1.1.3/package.tgz [ 1000, 100 ]
97 silly lockFile 17281745-y-npmjs-eu-sleep-sleep-1-1-3-tgz http://registry.npmjs.eu/sleep/-/sleep-1.1.3.tgz
98 silly lockFile 17281745-y-npmjs-eu-sleep-sleep-1-1-3-tgz http://registry.npmjs.eu/sleep/-/sleep-1.1.3.tgz
99 silly lockFile b5524579-sleep-1-1-3 sleep@1.1.3
100 silly lockFile b5524579-sleep-1-1-3 sleep@1.1.3
101 silly lockFile e2b4ed60-sleep sleep@
102 silly lockFile e2b4ed60-sleep sleep@
103 silly resolved [ { name: 'sleep',
103 silly resolved     version: '1.1.3',
103 silly resolved     main: './lib/index.js',
103 silly resolved     description: 'Add sleep() and usleep() to nodejs',
103 silly resolved     homepage: 'http://github.com/ErikDubbelboer/node-sleep',
103 silly resolved     author: { name: 'Erik Dubbelboer', email: 'erik@dubbelboer.com' },
103 silly resolved     engines: { node: '>=0.4.0' },
103 silly resolved     keywords: [ 'sleep', 'usleep' ],
103 silly resolved     repository:
103 silly resolved      { type: 'git',
103 silly resolved        url: 'https://github.com/ErikDubbelboer/node-sleep.git' },
103 silly resolved     repositories: [ [Object] ],
103 silly resolved     dependencies: { mkdirp: '~0.3.5' },
103 silly resolved     scripts: { install: 'node build.js || nodejs build.js' },
103 silly resolved     gypfile: true,
103 silly resolved     readme: 'sleep\n=====\n\nAdd `sleep()` and `usleep()` to nodejs.\n\nThis is mainly useful for debugging.\n\n**Sleep will block execution of all javascript!**\n===================================================\n\nOn windows the module will fall back to a while loop which will use 100% CPU!\n\nUsage\n-----\n\n`var sleep = require(\'sleep\');`\n\n* `sleep.sleep(n)`: sleep for n seconds\n* `sleep.usleep(n)`: sleep for n microseconds (1 second is 1000000 microseconds)\n\nUpdate\n------\n\nNow bulids properly using node-gyp :)\n\n',
103 silly resolved     readmeFilename: 'README.md',
103 silly resolved     bugs: { url: 'https://github.com/ErikDubbelboer/node-sleep/issues' },
103 silly resolved     _id: 'sleep@1.1.3',
103 silly resolved     dist: { shasum: 'bfc94bfb2df9fdf9bc5033debc30887a7f7151b5' },
103 silly resolved     _from: 'sleep@',
103 silly resolved     _resolved: 'http://registry.npmjs.eu/sleep/-/sleep-1.1.3.tgz' } ]
104 info install sleep@1.1.3 into /home/huang/git/nodejsprototype
105 info installOne sleep@1.1.3
106 info /home/huang/git/nodejsprototype/node_modules/sleep unbuild
107 verbose tar unpack /home/huang/.npm/sleep/1.1.3/package.tgz
108 silly lockFile 01a0e96c-dejsprototype-node-modules-sleep tar:///home/huang/git/nodejsprototype/node_modules/sleep
109 verbose lock tar:///home/huang/git/nodejsprototype/node_modules/sleep /home/huang/.npm/01a0e96c-dejsprototype-node-modules-sleep.lock
110 silly lockFile 6980ab3d-uang-npm-sleep-1-1-3-package-tgz tar:///home/huang/.npm/sleep/1.1.3/package.tgz
111 verbose lock tar:///home/huang/.npm/sleep/1.1.3/package.tgz /home/huang/.npm/6980ab3d-uang-npm-sleep-1-1-3-package-tgz.lock
112 silly gunzTarPerm modes [ '755', '644' ]
113 silly gunzTarPerm extractEntry package.json
114 silly gunzTarPerm extractEntry .npmignore
115 silly gunzTarPerm extractEntry README.md
116 silly gunzTarPerm extractEntry test.js
117 silly gunzTarPerm extractEntry build.js
118 silly gunzTarPerm extractEntry .jshintrc
119 silly gunzTarPerm extractEntry .jshintignore
120 silly gunzTarPerm extractEntry lib/binary_name.js
121 silly gunzTarPerm extractEntry lib/index.js
122 silly gunzTarPerm extractEntry binding.gyp
123 silly gunzTarPerm extractEntry sleep.cc
124 silly gunzTarPerm extractEntry build-util/tools.js
125 silly lockFile 01a0e96c-dejsprototype-node-modules-sleep tar:///home/huang/git/nodejsprototype/node_modules/sleep
126 silly lockFile 01a0e96c-dejsprototype-node-modules-sleep tar:///home/huang/git/nodejsprototype/node_modules/sleep
127 silly lockFile 6980ab3d-uang-npm-sleep-1-1-3-package-tgz tar:///home/huang/.npm/sleep/1.1.3/package.tgz
128 silly lockFile 6980ab3d-uang-npm-sleep-1-1-3-package-tgz tar:///home/huang/.npm/sleep/1.1.3/package.tgz
129 info preinstall sleep@1.1.3
130 verbose readDependencies using package.json deps
131 verbose readDependencies using package.json deps
132 verbose cache add [ 'mkdirp@~0.3.5', null ]
133 verbose cache add name=undefined spec="mkdirp@~0.3.5" args=["mkdirp@~0.3.5",null]
134 verbose parsed url { protocol: null,
134 verbose parsed url   slashes: null,
134 verbose parsed url   auth: null,
134 verbose parsed url   host: null,
134 verbose parsed url   port: null,
134 verbose parsed url   hostname: null,
134 verbose parsed url   hash: null,
134 verbose parsed url   search: null,
134 verbose parsed url   query: null,
134 verbose parsed url   pathname: 'mkdirp@~0.3.5',
134 verbose parsed url   path: 'mkdirp@~0.3.5',
134 verbose parsed url   href: 'mkdirp@~0.3.5' }
135 verbose cache add name="mkdirp" spec="~0.3.5" args=["mkdirp","~0.3.5"]
136 verbose parsed url { protocol: null,
136 verbose parsed url   slashes: null,
136 verbose parsed url   auth: null,
136 verbose parsed url   host: null,
136 verbose parsed url   port: null,
136 verbose parsed url   hostname: null,
136 verbose parsed url   hash: null,
136 verbose parsed url   search: null,
136 verbose parsed url   query: null,
136 verbose parsed url   pathname: '~0.3.5',
136 verbose parsed url   path: '~0.3.5',
136 verbose parsed url   href: '~0.3.5' }
137 verbose addNamed [ 'mkdirp', '~0.3.5' ]
138 verbose addNamed [ null, '>=0.3.5-0 <0.4.0-0' ]
139 silly lockFile c3f0fe9b-mkdirp-0-3-5 mkdirp@~0.3.5
140 verbose lock mkdirp@~0.3.5 /home/huang/.npm/c3f0fe9b-mkdirp-0-3-5.lock
141 silly addNameRange { name: 'mkdirp', range: '>=0.3.5-0 <0.4.0-0', hasData: false }
142 verbose url raw mkdirp
143 verbose url resolving [ 'http://registry.npmjs.eu/', './mkdirp' ]
144 verbose url resolved http://registry.npmjs.eu/mkdirp
145 info trying registry request attempt 1 at 16:28:05
146 http GET http://registry.npmjs.eu/mkdirp
147 http 200 http://registry.npmjs.eu/mkdirp
148 silly registry.get cb [ 200,
148 silly registry.get   { vary: 'Accept',
148 silly registry.get     server: 'CouchDB/1.5.0 (Erlang OTP/R16B01)',
148 silly registry.get     etag: '"BCGRNVY5Y0HPXJNO7IQQLO9YA"',
148 silly registry.get     date: 'Tue, 15 Apr 2014 14:26:49 GMT',
148 silly registry.get     'content-type': 'application/json',
148 silly registry.get     'content-length': '18332',
148 silly registry.get     'x-cache': 'MISS from Proxy-xxx',
148 silly registry.get     'x-cache-lookup': 'MISS from Proxy-xxx:8080',
148 silly registry.get     connection: 'close' } ]
149 silly addNameRange number 2 { name: 'mkdirp', range: '>=0.3.5-0 <0.4.0-0', hasData: true }
150 silly addNameRange versions [ 'mkdirp',
150 silly addNameRange   [ '0.0.1',
150 silly addNameRange     '0.0.2',
150 silly addNameRange     '0.0.3',
150 silly addNameRange     '0.0.4',
150 silly addNameRange     '0.0.5',
150 silly addNameRange     '0.0.6',
150 silly addNameRange     '0.0.7',
150 silly addNameRange     '0.1.0',
150 silly addNameRange     '0.2.0',
150 silly addNameRange     '0.2.1',
150 silly addNameRange     '0.2.2',
150 silly addNameRange     '0.3.0',
150 silly addNameRange     '0.3.1',
150 silly addNameRange     '0.3.2',
150 silly addNameRange     '0.3.3',
150 silly addNameRange     '0.3.4',
150 silly addNameRange     '0.3.5' ] ]
151 verbose addNamed [ 'mkdirp', '0.3.5' ]
152 verbose addNamed [ '0.3.5', '0.3.5' ]
153 silly lockFile 67d2df2a-mkdirp-0-3-5 mkdirp@0.3.5
154 verbose lock mkdirp@0.3.5 /home/huang/.npm/67d2df2a-mkdirp-0-3-5.lock
155 silly lockFile be913c9e-npmjs-eu-mkdirp-mkdirp-0-3-5-tgz http://registry.npmjs.eu/mkdirp/-/mkdirp-0.3.5.tgz
156 verbose lock http://registry.npmjs.eu/mkdirp/-/mkdirp-0.3.5.tgz /home/huang/.npm/be913c9e-npmjs-eu-mkdirp-mkdirp-0-3-5-tgz.lock
157 verbose addRemoteTarball [ 'http://registry.npmjs.eu/mkdirp/-/mkdirp-0.3.5.tgz',
157 verbose addRemoteTarball   'de3e5f8961c88c787ee1368df849ac4413eca8d7' ]
158 info retry fetch attempt 1 at 16:28:05
159 verbose fetch to= /tmp/npm-10391-6ZQ2Ow2l/1397572085460-0.7920871404930949/tmp.tgz
160 http GET http://registry.npmjs.eu/mkdirp/-/mkdirp-0.3.5.tgz
161 http 200 http://registry.npmjs.eu/mkdirp/-/mkdirp-0.3.5.tgz
162 verbose tar unpack /tmp/npm-10391-6ZQ2Ow2l/1397572085460-0.7920871404930949/tmp.tgz
163 silly lockFile cae63b8c-85460-0-7920871404930949-package tar:///tmp/npm-10391-6ZQ2Ow2l/1397572085460-0.7920871404930949/package
164 verbose lock tar:///tmp/npm-10391-6ZQ2Ow2l/1397572085460-0.7920871404930949/package /home/huang/.npm/cae63b8c-85460-0-7920871404930949-package.lock
165 silly lockFile 40fb02ec-85460-0-7920871404930949-tmp-tgz tar:///tmp/npm-10391-6ZQ2Ow2l/1397572085460-0.7920871404930949/tmp.tgz
166 verbose lock tar:///tmp/npm-10391-6ZQ2Ow2l/1397572085460-0.7920871404930949/tmp.tgz /home/huang/.npm/40fb02ec-85460-0-7920871404930949-tmp-tgz.lock
167 silly gunzTarPerm modes [ '755', '644' ]
168 silly gunzTarPerm extractEntry package.json
169 silly gunzTarPerm extractEntry .npmignore
170 silly gunzTarPerm extractEntry LICENSE
171 silly gunzTarPerm extractEntry index.js
172 silly gunzTarPerm extractEntry examples/pow.js
173 silly gunzTarPerm extractEntry readme.markdown
174 silly gunzTarPerm extractEntry test/perm.js
175 silly gunzTarPerm extractEntry test/perm_sync.js
176 silly gunzTarPerm extractEntry test/race.js
177 silly gunzTarPerm extractEntry test/rel.js
178 silly gunzTarPerm extractEntry test/return.js
179 silly gunzTarPerm extractEntry test/clobber.js
180 silly gunzTarPerm extractEntry test/root.js
181 silly gunzTarPerm extractEntry test/umask.js
182 silly gunzTarPerm extractEntry test/sync.js
183 silly gunzTarPerm extractEntry test/chmod.js
184 silly gunzTarPerm extractEntry test/umask_sync.js
185 silly gunzTarPerm extractEntry test/return_sync.js
186 silly gunzTarPerm extractEntry test/mkdirp.js
187 silly gunzTarPerm extractEntry .travis.yml
188 silly lockFile cae63b8c-85460-0-7920871404930949-package tar:///tmp/npm-10391-6ZQ2Ow2l/1397572085460-0.7920871404930949/package
189 silly lockFile cae63b8c-85460-0-7920871404930949-package tar:///tmp/npm-10391-6ZQ2Ow2l/1397572085460-0.7920871404930949/package
190 silly lockFile 40fb02ec-85460-0-7920871404930949-tmp-tgz tar:///tmp/npm-10391-6ZQ2Ow2l/1397572085460-0.7920871404930949/tmp.tgz
191 silly lockFile 40fb02ec-85460-0-7920871404930949-tmp-tgz tar:///tmp/npm-10391-6ZQ2Ow2l/1397572085460-0.7920871404930949/tmp.tgz
192 verbose tar pack [ '/home/huang/.npm/mkdirp/0.3.5/package.tgz',
192 verbose tar pack   '/tmp/npm-10391-6ZQ2Ow2l/1397572085460-0.7920871404930949/package' ]
193 verbose tarball /home/huang/.npm/mkdirp/0.3.5/package.tgz
194 verbose folder /tmp/npm-10391-6ZQ2Ow2l/1397572085460-0.7920871404930949/package
195 silly lockFile cae63b8c-85460-0-7920871404930949-package tar:///tmp/npm-10391-6ZQ2Ow2l/1397572085460-0.7920871404930949/package
196 verbose lock tar:///tmp/npm-10391-6ZQ2Ow2l/1397572085460-0.7920871404930949/package /home/huang/.npm/cae63b8c-85460-0-7920871404930949-package.lock
197 silly lockFile 7b300788-ang-npm-mkdirp-0-3-5-package-tgz tar:///home/huang/.npm/mkdirp/0.3.5/package.tgz
198 verbose lock tar:///home/huang/.npm/mkdirp/0.3.5/package.tgz /home/huang/.npm/7b300788-ang-npm-mkdirp-0-3-5-package-tgz.lock
199 silly lockFile cae63b8c-85460-0-7920871404930949-package tar:///tmp/npm-10391-6ZQ2Ow2l/1397572085460-0.7920871404930949/package
200 silly lockFile cae63b8c-85460-0-7920871404930949-package tar:///tmp/npm-10391-6ZQ2Ow2l/1397572085460-0.7920871404930949/package
201 silly lockFile 7b300788-ang-npm-mkdirp-0-3-5-package-tgz tar:///home/huang/.npm/mkdirp/0.3.5/package.tgz
202 silly lockFile 7b300788-ang-npm-mkdirp-0-3-5-package-tgz tar:///home/huang/.npm/mkdirp/0.3.5/package.tgz
203 silly lockFile 08920a91-e-huang-npm-mkdirp-0-3-5-package /home/huang/.npm/mkdirp/0.3.5/package
204 verbose lock /home/huang/.npm/mkdirp/0.3.5/package /home/huang/.npm/08920a91-e-huang-npm-mkdirp-0-3-5-package.lock
205 silly lockFile 08920a91-e-huang-npm-mkdirp-0-3-5-package /home/huang/.npm/mkdirp/0.3.5/package
206 silly lockFile 08920a91-e-huang-npm-mkdirp-0-3-5-package /home/huang/.npm/mkdirp/0.3.5/package
207 verbose tar unpack /home/huang/.npm/mkdirp/0.3.5/package.tgz
208 silly lockFile b3bfb034-e-huang-npm-mkdirp-0-3-5-package tar:///home/huang/.npm/mkdirp/0.3.5/package
209 verbose lock tar:///home/huang/.npm/mkdirp/0.3.5/package /home/huang/.npm/b3bfb034-e-huang-npm-mkdirp-0-3-5-package.lock
210 silly lockFile 7b300788-ang-npm-mkdirp-0-3-5-package-tgz tar:///home/huang/.npm/mkdirp/0.3.5/package.tgz
211 verbose lock tar:///home/huang/.npm/mkdirp/0.3.5/package.tgz /home/huang/.npm/7b300788-ang-npm-mkdirp-0-3-5-package-tgz.lock
212 silly gunzTarPerm modes [ '755', '644' ]
213 silly gunzTarPerm extractEntry package.json
214 silly gunzTarPerm extractEntry .npmignore
215 silly gunzTarPerm extractEntry LICENSE
216 silly gunzTarPerm extractEntry index.js
217 silly gunzTarPerm extractEntry .travis.yml
218 silly gunzTarPerm extractEntry examples/pow.js
219 silly gunzTarPerm extractEntry readme.markdown
220 silly gunzTarPerm extractEntry test/chmod.js
221 silly gunzTarPerm extractEntry test/perm.js
222 silly gunzTarPerm extractEntry test/perm_sync.js
223 silly gunzTarPerm extractEntry test/race.js
224 silly gunzTarPerm extractEntry test/mkdirp.js
225 silly gunzTarPerm extractEntry test/return.js
226 silly gunzTarPerm extractEntry test/return_sync.js
227 silly gunzTarPerm extractEntry test/root.js
228 silly gunzTarPerm extractEntry test/sync.js
229 silly gunzTarPerm extractEntry test/umask.js
230 silly gunzTarPerm extractEntry test/clobber.js
231 silly gunzTarPerm extractEntry test/umask_sync.js
232 silly gunzTarPerm extractEntry test/rel.js
233 silly lockFile b3bfb034-e-huang-npm-mkdirp-0-3-5-package tar:///home/huang/.npm/mkdirp/0.3.5/package
234 silly lockFile b3bfb034-e-huang-npm-mkdirp-0-3-5-package tar:///home/huang/.npm/mkdirp/0.3.5/package
235 silly lockFile 7b300788-ang-npm-mkdirp-0-3-5-package-tgz tar:///home/huang/.npm/mkdirp/0.3.5/package.tgz
236 silly lockFile 7b300788-ang-npm-mkdirp-0-3-5-package-tgz tar:///home/huang/.npm/mkdirp/0.3.5/package.tgz
237 verbose chmod /home/huang/.npm/mkdirp/0.3.5/package.tgz 644
238 verbose chown /home/huang/.npm/mkdirp/0.3.5/package.tgz [ 1000, 100 ]
239 silly lockFile be913c9e-npmjs-eu-mkdirp-mkdirp-0-3-5-tgz http://registry.npmjs.eu/mkdirp/-/mkdirp-0.3.5.tgz
240 silly lockFile be913c9e-npmjs-eu-mkdirp-mkdirp-0-3-5-tgz http://registry.npmjs.eu/mkdirp/-/mkdirp-0.3.5.tgz
241 silly lockFile 67d2df2a-mkdirp-0-3-5 mkdirp@0.3.5
242 silly lockFile 67d2df2a-mkdirp-0-3-5 mkdirp@0.3.5
243 silly lockFile c3f0fe9b-mkdirp-0-3-5 mkdirp@~0.3.5
244 silly lockFile c3f0fe9b-mkdirp-0-3-5 mkdirp@~0.3.5
245 silly resolved [ { name: 'mkdirp',
245 silly resolved     description: 'Recursively mkdir, like `mkdir -p`',
245 silly resolved     version: '0.3.5',
245 silly resolved     author:
245 silly resolved      { name: 'James Halliday',
245 silly resolved        email: 'mail@substack.net',
245 silly resolved        url: 'http://substack.net' },
245 silly resolved     main: './index',
245 silly resolved     keywords: [ 'mkdir', 'directory' ],
245 silly resolved     repository:
245 silly resolved      { type: 'git',
245 silly resolved        url: 'http://github.com/substack/node-mkdirp.git' },
245 silly resolved     scripts: { test: 'tap test/*.js' },
245 silly resolved     devDependencies: { tap: '~0.4.0' },
245 silly resolved     license: 'MIT',
245 silly resolved     readme: '# mkdirp\n\nLike `mkdir -p`, but in node.js!\n\n[![build status](https://secure.travis-ci.org/substack/node-mkdirp.png)](http://travis-ci.org/substack/node-mkdirp)\n\n# example\n\n## pow.js\n\n```js\nvar mkdirp = require(\'mkdirp\');\n    \nmkdirp(\'/tmp/foo/bar/baz\', function (err) {\n    if (err) console.error(err)\n    else console.log(\'pow!\')\n});\n```\n\nOutput\n\n```\npow!\n```\n\nAnd now /tmp/foo/bar/baz exists, huzzah!\n\n# methods\n\n```js\nvar mkdirp = require(\'mkdirp\');\n```\n\n## mkdirp(dir, mode, cb)\n\nCreate a new directory and any necessary subdirectories at `dir` with octal\npermission string `mode`.\n\nIf `mode` isn\'t specified, it defaults to `0777 & (~process.umask())`.\n\n`cb(err, made)` fires with the error or the first directory `made`\nthat had to be created, if any.\n\n## mkdirp.sync(dir, mode)\n\nSynchronously create a new directory and any necessary subdirectories at `dir`\nwith octal permission string `mode`.\n\nIf `mode` isn\'t specified, it defaults to `0777 & (~process.umask())`.\n\nReturns the first directory that had to be created, if any.\n\n# install\n\nWith [npm](http://npmjs.org) do:\n\n```\nnpm install mkdirp\n```\n\n# license\n\nMIT\n',
245 silly resolved     readmeFilename: 'readme.markdown',
245 silly resolved     bugs: { url: 'https://github.com/substack/node-mkdirp/issues' },
245 silly resolved     homepage: 'https://github.com/substack/node-mkdirp',
245 silly resolved     _id: 'mkdirp@0.3.5',
245 silly resolved     dist: { shasum: '13f25811b14ab72a2b51e9a3e4fbc74d82ecdab8' },
245 silly resolved     _from: 'mkdirp@~0.3.5',
245 silly resolved     _resolved: 'http://registry.npmjs.eu/mkdirp/-/mkdirp-0.3.5.tgz' } ]
246 info install mkdirp@0.3.5 into /home/huang/git/nodejsprototype/node_modules/sleep
247 info installOne mkdirp@0.3.5
248 info /home/huang/git/nodejsprototype/node_modules/sleep/node_modules/mkdirp unbuild
249 verbose tar unpack /home/huang/.npm/mkdirp/0.3.5/package.tgz
250 silly lockFile deb78bf9-odules-sleep-node-modules-mkdirp tar:///home/huang/git/nodejsprototype/node_modules/sleep/node_modules/mkdirp
251 verbose lock tar:///home/huang/git/nodejsprototype/node_modules/sleep/node_modules/mkdirp /home/huang/.npm/deb78bf9-odules-sleep-node-modules-mkdirp.lock
252 silly lockFile 7b300788-ang-npm-mkdirp-0-3-5-package-tgz tar:///home/huang/.npm/mkdirp/0.3.5/package.tgz
253 verbose lock tar:///home/huang/.npm/mkdirp/0.3.5/package.tgz /home/huang/.npm/7b300788-ang-npm-mkdirp-0-3-5-package-tgz.lock
254 silly gunzTarPerm modes [ '755', '644' ]
255 silly gunzTarPerm extractEntry package.json
256 silly gunzTarPerm extractEntry .npmignore
257 silly gunzTarPerm extractEntry LICENSE
258 silly gunzTarPerm extractEntry index.js
259 silly gunzTarPerm extractEntry .travis.yml
260 silly gunzTarPerm extractEntry examples/pow.js
261 silly gunzTarPerm extractEntry readme.markdown
262 silly gunzTarPerm extractEntry test/chmod.js
263 silly gunzTarPerm extractEntry test/perm.js
264 silly gunzTarPerm extractEntry test/perm_sync.js
265 silly gunzTarPerm extractEntry test/race.js
266 silly gunzTarPerm extractEntry test/mkdirp.js
267 silly gunzTarPerm extractEntry test/return.js
268 silly gunzTarPerm extractEntry test/return_sync.js
269 silly gunzTarPerm extractEntry test/root.js
270 silly gunzTarPerm extractEntry test/sync.js
271 silly gunzTarPerm extractEntry test/umask.js
272 silly gunzTarPerm extractEntry test/clobber.js
273 silly gunzTarPerm extractEntry test/umask_sync.js
274 silly gunzTarPerm extractEntry test/rel.js
275 silly lockFile deb78bf9-odules-sleep-node-modules-mkdirp tar:///home/huang/git/nodejsprototype/node_modules/sleep/node_modules/mkdirp
276 silly lockFile deb78bf9-odules-sleep-node-modules-mkdirp tar:///home/huang/git/nodejsprototype/node_modules/sleep/node_modules/mkdirp
277 silly lockFile 7b300788-ang-npm-mkdirp-0-3-5-package-tgz tar:///home/huang/.npm/mkdirp/0.3.5/package.tgz
278 silly lockFile 7b300788-ang-npm-mkdirp-0-3-5-package-tgz tar:///home/huang/.npm/mkdirp/0.3.5/package.tgz
279 info preinstall mkdirp@0.3.5
280 verbose readDependencies using package.json deps
281 verbose readDependencies using package.json deps
282 silly resolved []
283 verbose about to build /home/huang/git/nodejsprototype/node_modules/sleep/node_modules/mkdirp
284 info build /home/huang/git/nodejsprototype/node_modules/sleep/node_modules/mkdirp
285 verbose linkStuff [ false,
285 verbose linkStuff   false,
285 verbose linkStuff   false,
285 verbose linkStuff   '/home/huang/git/nodejsprototype/node_modules/sleep/node_modules' ]
286 info linkStuff mkdirp@0.3.5
287 verbose linkBins mkdirp@0.3.5
288 verbose linkMans mkdirp@0.3.5
289 verbose rebuildBundles mkdirp@0.3.5
290 info install mkdirp@0.3.5
291 info postinstall mkdirp@0.3.5
292 verbose about to build /home/huang/git/nodejsprototype/node_modules/sleep
293 info build /home/huang/git/nodejsprototype/node_modules/sleep
294 verbose linkStuff [ false,
294 verbose linkStuff   false,
294 verbose linkStuff   false,
294 verbose linkStuff   '/home/huang/git/nodejsprototype/node_modules' ]
295 info linkStuff sleep@1.1.3
296 verbose linkBins sleep@1.1.3
297 verbose linkMans sleep@1.1.3
298 verbose rebuildBundles sleep@1.1.3
299 verbose rebuildBundles [ 'mkdirp' ]
300 info install sleep@1.1.3
301 verbose unsafe-perm in lifecycle true
302 info sleep@1.1.3 Failed to exec install script
303 info /home/huang/git/nodejsprototype/node_modules/sleep unbuild
304 info preuninstall sleep@1.1.3
305 info uninstall sleep@1.1.3
306 verbose true,/home/huang/git/nodejsprototype/node_modules,/home/huang/git/nodejsprototype/node_modules unbuild sleep@1.1.3
307 info postuninstall sleep@1.1.3
308 error sleep@1.1.3 install: `node build.js || nodejs build.js`
308 error Exit status 127
309 error Failed at the sleep@1.1.3 install script.
309 error This is most likely a problem with the sleep package,
309 error not with npm itself.
309 error Tell the author that this fails on your system:
309 error     node build.js || nodejs build.js
309 error You can get their info via:
309 error     npm owner ls sleep
309 error There is likely additional logging output above.
310 error System Linux 3.7.10-1.4-desktop
311 error command "/usr/local/bin/node" "/usr/local/bin/npm" "--registry" "http://registry.npmjs.eu/" "install" "sleep"
312 error cwd /home/huang/git/nodejsprototype
313 error node -v v0.11.13-pre
314 error npm -v 1.4.6
315 error code ELIFECYCLE
316 verbose exit [ 1, true ]
